<?xml version="1.0" encoding="UTF-8"?>
<!-- Generated by org.testng.reporters.JUnitReportReporter -->
<testsuite hostname="CHNMCT209217L" failures="0" tests="4" name="Framework.tests.TestCase_1" time="47.357" errors="0" timestamp="2020-01-13T11:34:28 IST" skipped="0">
  <testcase classname="Framework.tests.TestCase_1" name="test_google_news_result" time="11.183"/>
  <testcase classname="Framework.tests.TestCase_1" name="test_google_search_result" time="10.232"/>
  <testcase classname="Framework.tests.TestCase_1" name="test_google_images_result" time="15.722"/>
  <testcase classname="Framework.tests.TestCase_1" name="test_google_books_result" time="10.220"/>
</testsuite> <!-- Framework.tests.TestCase_1 -->
