<?xml version="1.0" encoding="UTF-8"?>
<!-- Generated by org.testng.reporters.JUnitReportReporter -->
<testsuite hostname="CHNMCT209217L" failures="0" tests="4" name="Framework.tests.TestCase_1" time="130.577" errors="0" timestamp="2019-12-23T14:30:02 IST" skipped="0">
  <testcase classname="Framework.tests.TestCase_1" name="test_google_search_result" time="34.773"/>
  <testcase classname="Framework.tests.TestCase_1" name="test_google_news_result" time="33.127"/>
  <testcase classname="Framework.tests.TestCase_1" name="test_google_images_result" time="21.531"/>
  <testcase classname="Framework.tests.TestCase_1" name="test_google_books_result" time="41.146"/>
</testsuite> <!-- Framework.tests.TestCase_1 -->
